<?xml version="1.0" encoding="UTF-8"?>
<!-- Generated by org.testng.reporters.JUnitReportReporter -->
<testsuite hostname="NODLTP52034643" failures="0" tests="2" name="MyPackage.B" time="0.002" errors="0" timestamp="2021-04-15T14:10:07 IST" skipped="0">
  <testcase classname="MyPackage.B" name="hello3" time="0.001"/>
  <system-out/>
  <testcase classname="MyPackage.B" name="hello2" time="0.001"/>
  <system-out/>
</testsuite> <!-- MyPackage.B -->
