<?xml version="1.0" encoding="UTF-8"?>
<!-- Generated by org.testng.reporters.JUnitReportReporter -->
<testsuite hostname="NODLTP52034643" failures="0" tests="1" name="MyPackage.A" time="0.011" errors="0" timestamp="2021-04-15T14:20:18 IST" skipped="0">
  <testcase classname="MyPackage.A" name="hello" time="0.011"/>
  <system-out/>
</testsuite> <!-- MyPackage.A -->
