<?xml version="1.0" encoding="UTF-8"?>
<!-- Generated by org.testng.reporters.JUnitReportReporter -->
<testsuite skipped="0" hostname="NODLTP52034643" name="MyPackage.B" tests="2" failures="0" timestamp="2021-04-15T14:40:09 IST" time="0.000" errors="0">
  <testcase name="hello3" time="0.000" classname="MyPackage.B"/>
  <system-out/>
  <testcase name="hello2" time="0.000" classname="MyPackage.B"/>
  <system-out/>
</testsuite> <!-- MyPackage.B -->
